0 info it worked if it ends with ok
1 verbose cli [ '/usr/bin/nodejs',
1 verbose cli   '/usr/bin/npm',
1 verbose cli   'install',
1 verbose cli   '-D',
1 verbose cli   'vue-loader@next' ]
2 info using npm@3.8.3
3 info using node@v5.10.1
4 silly loadCurrentTree Starting
5 silly install loadCurrentTree
6 silly install readLocalPackageData
7 silly fetchPackageMetaData vue-loader@next
8 silly fetchNamedPackageData vue-loader
9 silly mapToRegistry name vue-loader
10 silly mapToRegistry using default registry
11 silly mapToRegistry registry https://registry.npmjs.org/
12 silly mapToRegistry data Result {
12 silly mapToRegistry   raw: 'vue-loader',
12 silly mapToRegistry   scope: null,
12 silly mapToRegistry   name: 'vue-loader',
12 silly mapToRegistry   rawSpec: '',
12 silly mapToRegistry   spec: 'latest',
12 silly mapToRegistry   type: 'tag' }
13 silly mapToRegistry uri https://registry.npmjs.org/vue-loader
14 verbose request uri https://registry.npmjs.org/vue-loader
15 verbose request no auth needed
16 info attempt registry request try #1 at 7:36:06 PM
17 verbose request using bearer token for auth
18 verbose request id f6fdaa6d300203c7
19 verbose etag W/"58db6445-487b4"
20 verbose lastModified Wed, 29 Mar 2017 07:37:41 GMT
21 http request GET https://registry.npmjs.org/vue-loader
22 http 304 https://registry.npmjs.org/vue-loader
23 verbose headers { server: 'nginx/1.10.1',
23 verbose headers   'last-modified': 'Wed, 29 Mar 2017 07:37:41 GMT',
23 verbose headers   etag: '"58db6445-487b4"',
23 verbose headers   'cache-control': 'max-age=300',
23 verbose headers   'accept-ranges': 'bytes',
23 verbose headers   date: 'Sat, 01 Apr 2017 22:35:36 GMT',
23 verbose headers   via: '1.1 varnish',
23 verbose headers   connection: 'keep-alive',
23 verbose headers   'x-served-by': 'cache-gru7121-GRU',
23 verbose headers   'x-cache': 'MISS',
23 verbose headers   'x-cache-hits': '0',
23 verbose headers   'x-timer': 'S1491086136.165459,VS0,VE785',
23 verbose headers   vary: 'Accept-Encoding' }
24 silly get cb [ 304,
24 silly get   { server: 'nginx/1.10.1',
24 silly get     'last-modified': 'Wed, 29 Mar 2017 07:37:41 GMT',
24 silly get     etag: '"58db6445-487b4"',
24 silly get     'cache-control': 'max-age=300',
24 silly get     'accept-ranges': 'bytes',
24 silly get     date: 'Sat, 01 Apr 2017 22:35:36 GMT',
24 silly get     via: '1.1 varnish',
24 silly get     connection: 'keep-alive',
24 silly get     'x-served-by': 'cache-gru7121-GRU',
24 silly get     'x-cache': 'MISS',
24 silly get     'x-cache-hits': '0',
24 silly get     'x-timer': 'S1491086136.165459,VS0,VE785',
24 silly get     vary: 'Accept-Encoding' } ]
25 verbose etag https://registry.npmjs.org/vue-loader from cache
26 verbose get saving vue-loader to /home/mike/.npm/registry.npmjs.org/vue-loader/.cache.json
27 verbose correctMkdir /home/mike/.npm correctMkdir not in flight; initializing
28 silly fetchPackageMetaData Error: No compatible version found: vue-loader@next
28 silly fetchPackageMetaData Valid install targets:
28 silly fetchPackageMetaData 11.3.4, 11.3.3, 11.3.2, 11.3.1, 11.3.0, 11.2.0, 11.1.4, 11.1.3, 11.1.2, 11.1.1, 11.1.0, 11.0.0, 10.3.0, 10.2.4, 10.2.3, 10.2.2, 10.2.1, 10.2.0, 10.1.2, 10.1.1, 10.1.0, 10.0.4, 10.0.3, 10.0.2, 10.0.1, 10.0.0, 9.9.5, 9.9.4, 9.9.3, 9.9.2, 9.9.1, 9.9.0, 9.8.1, 9.8.0, 9.7.0, 9.6.0, 9.5.3, 9.5.2, 9.5.1, 9.5.0, 9.4.2, 9.4.1, 9.4.0, 9.3.2, 9.3.1, 9.3.0, 9.2.3, 9.2.2, 9.2.1, 9.2.0, 9.1.3, 9.1.2, 9.1.1, 9.1.0, 9.0.3, 9.0.2, 9.0.1, 9.0.0, 8.7.0, 8.6.1, 8.6.0, 8.5.4, 8.5.3, 8.5.2, 8.5.1, 8.5.0, 8.4.0, 8.3.1, 8.3.0, 8.2.3, 8.2.2, 8.2.1, 8.2.0, 8.1.4, 8.1.3, 8.1.2, 8.1.1, 8.1.0, 8.0.5, 8.0.4, 8.0.3, 8.0.2, 8.0.1, 8.0.0, 7.5.3, 7.5.2, 7.5.1, 7.5.0, 7.4.2, 7.4.1, 7.4.0, 7.3.0, 7.2.0, 7.1.8, 7.1.7, 7.1.6, 7.1.5, 7.1.4, 7.1.3, 7.1.2, 7.1.1, 7.1.0, 7.0.3, 7.0.2, 7.0.1, 7.0.0, 6.1.0, 6.0.5, 6.0.4, 6.0.3, 6.0.2, 6.0.1, 6.0.0, 5.0.0, 4.0.10, 4.0.9, 4.0.8, 4.0.7, 4.0.6, 4.0.5, 4.0.4, 4.0.3, 4.0.2, 4.0.1, 4.0.0, 3.0.4, 3.0.3, 3.0.2, 2.1.1, 2.1.0, 2.0.3, 2.0.2, 2.0.1, 2.0.0, 1.1.6, 1.1.5, 1.1.4, 1.1.3, 1.1.2, 1.1.0, 0.3.0, 0.2.0, 0.1.0
28 silly fetchPackageMetaData
28 silly fetchPackageMetaData     at pickVersionFromRegistryDocument (/usr/lib/node_modules/npm/lib/fetch-package-metadata.js:156:16)
28 silly fetchPackageMetaData     at /usr/lib/node_modules/npm/node_modules/iferr/index.js:13:50
28 silly fetchPackageMetaData     at /usr/lib/node_modules/npm/lib/utils/pulse-till-done.js:19:8
28 silly fetchPackageMetaData     at saved (/usr/lib/node_modules/npm/lib/cache/caching-client.js:168:7)
28 silly fetchPackageMetaData     at /usr/lib/node_modules/npm/node_modules/graceful-fs/polyfills.js:210:7
28 silly fetchPackageMetaData     at FSReqWrap.oncomplete (fs.js:82:15)
28 silly fetchPackageMetaData  error for vue-loader@next [Error: No compatible version found: vue-loader@next
28 silly fetchPackageMetaData Valid install targets:
28 silly fetchPackageMetaData 11.3.4, 11.3.3, 11.3.2, 11.3.1, 11.3.0, 11.2.0, 11.1.4, 11.1.3, 11.1.2, 11.1.1, 11.1.0, 11.0.0, 10.3.0, 10.2.4, 10.2.3, 10.2.2, 10.2.1, 10.2.0, 10.1.2, 10.1.1, 10.1.0, 10.0.4, 10.0.3, 10.0.2, 10.0.1, 10.0.0, 9.9.5, 9.9.4, 9.9.3, 9.9.2, 9.9.1, 9.9.0, 9.8.1, 9.8.0, 9.7.0, 9.6.0, 9.5.3, 9.5.2, 9.5.1, 9.5.0, 9.4.2, 9.4.1, 9.4.0, 9.3.2, 9.3.1, 9.3.0, 9.2.3, 9.2.2, 9.2.1, 9.2.0, 9.1.3, 9.1.2, 9.1.1, 9.1.0, 9.0.3, 9.0.2, 9.0.1, 9.0.0, 8.7.0, 8.6.1, 8.6.0, 8.5.4, 8.5.3, 8.5.2, 8.5.1, 8.5.0, 8.4.0, 8.3.1, 8.3.0, 8.2.3, 8.2.2, 8.2.1, 8.2.0, 8.1.4, 8.1.3, 8.1.2, 8.1.1, 8.1.0, 8.0.5, 8.0.4, 8.0.3, 8.0.2, 8.0.1, 8.0.0, 7.5.3, 7.5.2, 7.5.1, 7.5.0, 7.4.2, 7.4.1, 7.4.0, 7.3.0, 7.2.0, 7.1.8, 7.1.7, 7.1.6, 7.1.5, 7.1.4, 7.1.3, 7.1.2, 7.1.1, 7.1.0, 7.0.3, 7.0.2, 7.0.1, 7.0.0, 6.1.0, 6.0.5, 6.0.4, 6.0.3, 6.0.2, 6.0.1, 6.0.0, 5.0.0, 4.0.10, 4.0.9, 4.0.8, 4.0.7, 4.0.6, 4.0.5, 4.0.4, 4.0.3, 4.0.2, 4.0.1, 4.0.0, 3.0.4, 3.0.3, 3.0.2, 2.1.1, 2.1.0, 2.0.3, 2.0.2, 2.0.1, 2.0.0, 1.1.6, 1.1.5, 1.1.4, 1.1.3, 1.1.2, 1.1.0, 0.3.0, 0.2.0, 0.1.0
28 silly fetchPackageMetaData ]
29 silly rollbackFailedOptional Starting
30 silly rollbackFailedOptional Finishing
31 silly runTopLevelLifecycles Starting
32 silly runTopLevelLifecycles Finishing
33 silly install printInstalled
34 verbose stack Error: No compatible version found: vue-loader@next
34 verbose stack Valid install targets:
34 verbose stack 11.3.4, 11.3.3, 11.3.2, 11.3.1, 11.3.0, 11.2.0, 11.1.4, 11.1.3, 11.1.2, 11.1.1, 11.1.0, 11.0.0, 10.3.0, 10.2.4, 10.2.3, 10.2.2, 10.2.1, 10.2.0, 10.1.2, 10.1.1, 10.1.0, 10.0.4, 10.0.3, 10.0.2, 10.0.1, 10.0.0, 9.9.5, 9.9.4, 9.9.3, 9.9.2, 9.9.1, 9.9.0, 9.8.1, 9.8.0, 9.7.0, 9.6.0, 9.5.3, 9.5.2, 9.5.1, 9.5.0, 9.4.2, 9.4.1, 9.4.0, 9.3.2, 9.3.1, 9.3.0, 9.2.3, 9.2.2, 9.2.1, 9.2.0, 9.1.3, 9.1.2, 9.1.1, 9.1.0, 9.0.3, 9.0.2, 9.0.1, 9.0.0, 8.7.0, 8.6.1, 8.6.0, 8.5.4, 8.5.3, 8.5.2, 8.5.1, 8.5.0, 8.4.0, 8.3.1, 8.3.0, 8.2.3, 8.2.2, 8.2.1, 8.2.0, 8.1.4, 8.1.3, 8.1.2, 8.1.1, 8.1.0, 8.0.5, 8.0.4, 8.0.3, 8.0.2, 8.0.1, 8.0.0, 7.5.3, 7.5.2, 7.5.1, 7.5.0, 7.4.2, 7.4.1, 7.4.0, 7.3.0, 7.2.0, 7.1.8, 7.1.7, 7.1.6, 7.1.5, 7.1.4, 7.1.3, 7.1.2, 7.1.1, 7.1.0, 7.0.3, 7.0.2, 7.0.1, 7.0.0, 6.1.0, 6.0.5, 6.0.4, 6.0.3, 6.0.2, 6.0.1, 6.0.0, 5.0.0, 4.0.10, 4.0.9, 4.0.8, 4.0.7, 4.0.6, 4.0.5, 4.0.4, 4.0.3, 4.0.2, 4.0.1, 4.0.0, 3.0.4, 3.0.3, 3.0.2, 2.1.1, 2.1.0, 2.0.3, 2.0.2, 2.0.1, 2.0.0, 1.1.6, 1.1.5, 1.1.4, 1.1.3, 1.1.2, 1.1.0, 0.3.0, 0.2.0, 0.1.0
34 verbose stack
34 verbose stack     at pickVersionFromRegistryDocument (/usr/lib/node_modules/npm/lib/fetch-package-metadata.js:156:16)
34 verbose stack     at /usr/lib/node_modules/npm/node_modules/iferr/index.js:13:50
34 verbose stack     at /usr/lib/node_modules/npm/lib/utils/pulse-till-done.js:19:8
34 verbose stack     at saved (/usr/lib/node_modules/npm/lib/cache/caching-client.js:168:7)
34 verbose stack     at /usr/lib/node_modules/npm/node_modules/graceful-fs/polyfills.js:210:7
34 verbose stack     at FSReqWrap.oncomplete (fs.js:82:15)
35 verbose cwd /home/mike/Projects/cachorro-dual-list
36 error Linux 4.4.0-47-generic
37 error argv "/usr/bin/nodejs" "/usr/bin/npm" "install" "-D" "vue-loader@next"
38 error node v5.10.1
39 error npm  v3.8.3
40 error No compatible version found: vue-loader@next
40 error Valid install targets:
40 error 11.3.4, 11.3.3, 11.3.2, 11.3.1, 11.3.0, 11.2.0, 11.1.4, 11.1.3, 11.1.2, 11.1.1, 11.1.0, 11.0.0, 10.3.0, 10.2.4, 10.2.3, 10.2.2, 10.2.1, 10.2.0, 10.1.2, 10.1.1, 10.1.0, 10.0.4, 10.0.3, 10.0.2, 10.0.1, 10.0.0, 9.9.5, 9.9.4, 9.9.3, 9.9.2, 9.9.1, 9.9.0, 9.8.1, 9.8.0, 9.7.0, 9.6.0, 9.5.3, 9.5.2, 9.5.1, 9.5.0, 9.4.2, 9.4.1, 9.4.0, 9.3.2, 9.3.1, 9.3.0, 9.2.3, 9.2.2, 9.2.1, 9.2.0, 9.1.3, 9.1.2, 9.1.1, 9.1.0, 9.0.3, 9.0.2, 9.0.1, 9.0.0, 8.7.0, 8.6.1, 8.6.0, 8.5.4, 8.5.3, 8.5.2, 8.5.1, 8.5.0, 8.4.0, 8.3.1, 8.3.0, 8.2.3, 8.2.2, 8.2.1, 8.2.0, 8.1.4, 8.1.3, 8.1.2, 8.1.1, 8.1.0, 8.0.5, 8.0.4, 8.0.3, 8.0.2, 8.0.1, 8.0.0, 7.5.3, 7.5.2, 7.5.1, 7.5.0, 7.4.2, 7.4.1, 7.4.0, 7.3.0, 7.2.0, 7.1.8, 7.1.7, 7.1.6, 7.1.5, 7.1.4, 7.1.3, 7.1.2, 7.1.1, 7.1.0, 7.0.3, 7.0.2, 7.0.1, 7.0.0, 6.1.0, 6.0.5, 6.0.4, 6.0.3, 6.0.2, 6.0.1, 6.0.0, 5.0.0, 4.0.10, 4.0.9, 4.0.8, 4.0.7, 4.0.6, 4.0.5, 4.0.4, 4.0.3, 4.0.2, 4.0.1, 4.0.0, 3.0.4, 3.0.3, 3.0.2, 2.1.1, 2.1.0, 2.0.3, 2.0.2, 2.0.1, 2.0.0, 1.1.6, 1.1.5, 1.1.4, 1.1.3, 1.1.2, 1.1.0, 0.3.0, 0.2.0, 0.1.0
41 error If you need help, you may report this error at:
41 error     <https://github.com/npm/npm/issues>
42 verbose exit [ 1, true ]
